<?xml version="1.0" encoding="utf-8"?><testsuites name="pytest tests"><testsuite name="pytest" errors="0" failures="1" skipped="0" tests="31" time="17.309" timestamp="2026-03-27T19:19:22.333504+00:00" hostname="agent-env-51d4e7fb-16d8-44c0-aaea-72a6b1af20ac"><testcase classname="backend.tests.test_admin_features.TestPropertyAnalytics" name="test_get_property_analytics" time="0.594" /><testcase classname="backend.tests.test_admin_features.TestPropertyAnalytics" name="test_analytics_properties_have_required_fields" time="0.538" /><testcase classname="backend.tests.test_admin_features.TestPropertyAnalytics" name="test_customer_cannot_access_analytics" time="0.495" /><testcase classname="backend.tests.test_admin_features.TestDailyStatusVerification" name="test_get_properties_needing_verification" time="0.493" /><testcase classname="backend.tests.test_admin_features.TestDailyStatusVerification" name="test_verify_property_status_available" time="0.598" /><testcase classname="backend.tests.test_admin_features.TestDailyStatusVerification" name="test_verify_property_status_rented" time="0.719" /><testcase classname="backend.tests.test_admin_features.TestDailyStatusVerification" name="test_verify_property_status_under_verification" time="0.763" /><testcase classname="backend.tests.test_admin_features.TestHotPropertySystem" name="test_mark_property_as_hot" time="0.652" /><testcase classname="backend.tests.test_admin_features.TestHotPropertySystem" name="test_unmark_property_as_hot" time="0.639" /><testcase classname="backend.tests.test_admin_features.TestHotPropertySystem" name="test_auto_mark_hot_properties" time="0.488" /><testcase classname="backend.tests.test_admin_features.TestHotPropertySystem" name="test_get_property_popularity_public" time="0.593" /><testcase classname="backend.tests.test_admin_features.TestToLetTasks" name="test_create_tolet_task" time="0.459" /><testcase classname="backend.tests.test_admin_features.TestToLetTasks" name="test_get_all_tolet_tasks" time="0.490" /><testcase classname="backend.tests.test_admin_features.TestToLetTasks" name="test_update_tolet_task_rate" time="0.682" /><testcase classname="backend.tests.test_admin_features.TestToLetTasks" name="test_assign_tolet_task_to_rider" time="1.134" /><testcase classname="backend.tests.test_admin_features.TestToLetTasks" name="test_rider_get_available_tolet_tasks" time="0.455" /><testcase classname="backend.tests.test_admin_features.TestVisitApprovals" name="test_get_all_visits_admin" time="0.480" /><testcase classname="backend.tests.test_admin_features.TestVisitApprovals" name="test_get_visits_pending_approval" time="0.455" /><testcase classname="backend.tests.test_admin_features.TestVisitApprovals" name="test_customer_cannot_access_visit_approvals" time="0.452" /><testcase classname="backend.tests.test_admin_features.TestPayouts" name="test_get_all_rider_wallets" time="0.436" /><testcase classname="backend.tests.test_admin_features.TestPayouts" name="test_rider_get_own_wallet" time="0.462"><failure message="AssertionError: Expected 200, got 500: Internal Server Error&#10;assert 500 == 200&#10; +  where 500 = &lt;Response [500]&gt;.status_code">backend/tests/test_admin_features.py:424: in test_rider_get_own_wallet
    assert response.status_code == 200, f"Expected 200, got {response.status_code}: {response.text}"
E   AssertionError: Expected 200, got 500: Internal Server Error
E   assert 500 == 200
E    +  where 500 = &lt;Response [500]&gt;.status_code</failure></testcase><testcase classname="backend.tests.test_admin_features.TestPayouts" name="test_rider_get_transactions" time="0.473" /><testcase classname="backend.tests.test_admin_features.TestPayouts" name="test_process_payouts_admin_only" time="0.464" /><testcase classname="backend.tests.test_admin_features.TestPayouts" name="test_customer_cannot_process_payouts" time="0.441" /><testcase classname="backend.tests.test_admin_features.TestLiveTracking" name="test_get_online_riders" time="0.507" /><testcase classname="backend.tests.test_admin_features.TestLiveTracking" name="test_get_live_rider_locations" time="0.543" /><testcase classname="backend.tests.test_admin_features.TestLiveTracking" name="test_rider_update_location" time="0.590" /><testcase classname="backend.tests.test_admin_features.TestNotifications" name="test_get_notifications" time="0.576" /><testcase classname="backend.tests.test_admin_features.TestNotifications" name="test_mark_notifications_read" time="0.481" /><testcase classname="backend.tests.test_admin_features.TestNotifications" name="test_rider_gets_notifications" time="0.489" /><testcase classname="backend.tests.test_admin_features.TestCleanup" name="test_cleanup_test_tolet_tasks" time="0.464" /></testsuite></testsuites>