<?xml version="1.0" encoding="utf-8"?><testsuites name="pytest tests"><testsuite name="pytest" errors="0" failures="0" skipped="0" tests="18" time="9.941" timestamp="2026-03-27T22:14:06.037688+00:00" hostname="agent-env-51d4e7fb-16d8-44c0-aaea-72a6b1af20ac"><testcase classname="tests.test_bug_fixes.TestRiderOnlineOffline" name="test_rider_login" time="0.360" /><testcase classname="tests.test_bug_fixes.TestRiderOnlineOffline" name="test_rider_go_online" time="0.436" /><testcase classname="tests.test_bug_fixes.TestRiderOnlineOffline" name="test_rider_get_shift_status" time="0.444" /><testcase classname="tests.test_bug_fixes.TestRiderOnlineOffline" name="test_rider_go_offline" time="0.456" /><testcase classname="tests.test_bug_fixes.TestRiderWallet" name="test_get_wallet" time="0.429" /><testcase classname="tests.test_bug_fixes.TestRiderWallet" name="test_get_transactions" time="0.458" /><testcase classname="tests.test_bug_fixes.TestToLetTasks" name="test_get_available_tasks" time="0.467" /><testcase classname="tests.test_bug_fixes.TestToLetTasks" name="test_admin_create_tolet_task" time="0.429" /><testcase classname="tests.test_bug_fixes.TestCustomerProperties" name="test_customer_login" time="0.334" /><testcase classname="tests.test_bug_fixes.TestCustomerProperties" name="test_get_properties" time="0.449" /><testcase classname="tests.test_bug_fixes.TestCustomerProperties" name="test_filter_by_city_partial_match" time="0.586" /><testcase classname="tests.test_bug_fixes.TestCustomerProperties" name="test_filter_by_bhk" time="2.215" /><testcase classname="tests.test_bug_fixes.TestCustomerProperties" name="test_filter_by_rent_range" time="0.440" /><testcase classname="tests.test_bug_fixes.TestAdminProperties" name="test_admin_login" time="0.333" /><testcase classname="tests.test_bug_fixes.TestAdminProperties" name="test_admin_get_properties" time="0.451" /><testcase classname="tests.test_bug_fixes.TestAdminProperties" name="test_admin_create_property" time="0.453" /><testcase classname="tests.test_bug_fixes.TestVisitsAvailable" name="test_get_available_visits_when_online" time="0.562" /><testcase classname="tests.test_bug_fixes.TestVisitsAvailable" name="test_get_available_visits_when_offline" time="0.556" /></testsuite></testsuites>