<?xml version="1.0" encoding="utf-8"?><testsuites name="pytest tests"><testsuite name="pytest" errors="0" failures="0" skipped="0" tests="18" time="7.706" timestamp="2026-03-27T21:58:05.803830+00:00" hostname="agent-env-51d4e7fb-16d8-44c0-aaea-72a6b1af20ac"><testcase classname="tests.test_cashfree_payments.TestVisitPackagePayments" name="test_single_visit_checkout" time="1.288" /><testcase classname="tests.test_cashfree_payments.TestVisitPackagePayments" name="test_three_visits_checkout" time="0.327" /><testcase classname="tests.test_cashfree_payments.TestVisitPackagePayments" name="test_five_visits_checkout" time="0.383" /><testcase classname="tests.test_cashfree_payments.TestVisitPackagePayments" name="test_property_lock_checkout" time="0.335" /><testcase classname="tests.test_cashfree_payments.TestVisitPackagePayments" name="test_invalid_package_checkout" time="0.047" /><testcase classname="tests.test_cashfree_payments.TestPackersPayments" name="test_get_packers_packages" time="0.054" /><testcase classname="tests.test_cashfree_payments.TestPackersPayments" name="test_create_packers_booking" time="0.076" /><testcase classname="tests.test_cashfree_payments.TestPackersPayments" name="test_packers_payment_initiation" time="0.987" /><testcase classname="tests.test_cashfree_payments.TestPackersPayments" name="test_packers_payment_already_paid" time="0.000" /><testcase classname="tests.test_cashfree_payments.TestAdvertisingPayments" name="test_get_advertising_packages" time="0.048" /><testcase classname="tests.test_cashfree_payments.TestAdvertisingPayments" name="test_create_advertiser_profile" time="0.063" /><testcase classname="tests.test_cashfree_payments.TestAdvertisingPayments" name="test_create_advertisement" time="0.126" /><testcase classname="tests.test_cashfree_payments.TestAdvertisingPayments" name="test_advertising_payment_initiation" time="0.819" /><testcase classname="tests.test_cashfree_payments.TestPaymentStatusCheck" name="test_payment_status_check_valid_order" time="0.649" /><testcase classname="tests.test_cashfree_payments.TestPaymentStatusCheck" name="test_payment_status_check_invalid_order" time="0.064" /><testcase classname="tests.test_cashfree_payments.TestCashfreeWebhook" name="test_webhook_endpoint_exists" time="0.094" /><testcase classname="tests.test_cashfree_payments.TestCashfreeIntegrationSummary" name="test_all_visit_packages_have_correct_amounts" time="1.855" /><testcase classname="tests.test_cashfree_payments.TestCashfreeIntegrationSummary" name="test_cashfree_production_environment" time="0.338" /></testsuite></testsuites>