<?xml version="1.0" encoding="utf-8"?><testsuites name="pytest tests"><testsuite name="pytest" errors="0" failures="0" skipped="0" tests="10" time="20.445" timestamp="2026-03-28T11:10:43.801767+00:00" hostname="agent-env-51d4e7fb-16d8-44c0-aaea-72a6b1af20ac"><testcase classname="tests.test_chatbot_api.TestChatbotAPI" name="test_create_new_session" time="0.436" /><testcase classname="tests.test_chatbot_api.TestChatbotAPI" name="test_send_message_basic" time="1.684" /><testcase classname="tests.test_chatbot_api.TestChatbotAPI" name="test_send_message_with_preferences" time="4.034" /><testcase classname="tests.test_chatbot_api.TestChatbotAPI" name="test_send_message_location_preference" time="1.660" /><testcase classname="tests.test_chatbot_api.TestChatbotAPI" name="test_get_chat_history" time="1.288" /><testcase classname="tests.test_chatbot_api.TestChatbotAPI" name="test_get_user_sessions" time="0.442" /><testcase classname="tests.test_chatbot_api.TestChatbotAPI" name="test_delete_session" time="0.495" /><testcase classname="tests.test_chatbot_api.TestChatbotAPI" name="test_unauthorized_access" time="0.419" /><testcase classname="tests.test_chatbot_api.TestChatbotPropertySearch" name="test_property_search_with_budget" time="5.819" /><testcase classname="tests.test_chatbot_api.TestChatbotPropertySearch" name="test_property_search_with_bhk" time="4.097" /></testsuite></testsuites>