<?xml version="1.0" encoding="utf-8"?><testsuites name="pytest tests"><testsuite name="pytest" errors="0" failures="0" skipped="0" tests="19" time="10.093" timestamp="2026-04-06T20:18:18.084164+00:00" hostname="agent-env-51d4e7fb-16d8-44c0-aaea-72a6b1af20ac"><testcase classname="backend.tests.test_inventory_access.TestInventoryAccessAPIs" name="test_verify_admin_key_success" time="0.518" /><testcase classname="backend.tests.test_inventory_access.TestInventoryAccessAPIs" name="test_verify_admin_key_failure" time="0.415" /><testcase classname="backend.tests.test_inventory_access.TestInventoryAccessAPIs" name="test_verify_inventory_key_success" time="0.402" /><testcase classname="backend.tests.test_inventory_access.TestInventoryAccessAPIs" name="test_verify_inventory_key_failure" time="0.396" /><testcase classname="backend.tests.test_inventory_access.TestInventoryAccessAPIs" name="test_verify_key_invalid_access_type" time="0.405" /><testcase classname="backend.tests.test_inventory_access.TestInventoryAccessAPIs" name="test_get_predefined_users" time="0.413" /><testcase classname="backend.tests.test_inventory_access.TestInventoryAccessAPIs" name="test_get_available_cities" time="0.442" /><testcase classname="backend.tests.test_inventory_access.TestInventoryAccessAPIs" name="test_inventory_login_success" time="0.498" /><testcase classname="backend.tests.test_inventory_access.TestInventoryAccessAPIs" name="test_inventory_login_invalid_user" time="0.394" /><testcase classname="backend.tests.test_inventory_access.TestInventoryAccessAPIs" name="test_get_my_inventory_stats" time="0.543" /><testcase classname="backend.tests.test_inventory_access.TestInventoryAccessAPIs" name="test_get_my_inventory_stats_invalid_session" time="0.389" /><testcase classname="backend.tests.test_inventory_access.TestInventoryAccessAPIs" name="test_inventory_logout_success" time="1.624" /><testcase classname="backend.tests.test_inventory_access.TestInventoryAccessAPIs" name="test_inventory_logout_invalid_session" time="0.452" /><testcase classname="backend.tests.test_inventory_access.TestInventoryAccessAPIs" name="test_inventory_logout_already_ended" time="0.636" /><testcase classname="backend.tests.test_inventory_access.TestInventoryAccessAPIs" name="test_admin_get_inventory_team" time="0.603" /><testcase classname="backend.tests.test_inventory_access.TestInventoryAccessAPIs" name="test_admin_get_inventory_team_with_date" time="0.424" /><testcase classname="backend.tests.test_inventory_access.TestInventoryAccessAPIs" name="test_admin_get_inventory_user_detail" time="0.530" /><testcase classname="backend.tests.test_inventory_access.TestInventoryAccessAPIs" name="test_admin_update_inventory_key" time="0.511" /><testcase classname="backend.tests.test_inventory_access.TestInventoryAccessAPIs" name="test_admin_update_inventory_key_too_short" time="0.418" /></testsuite></testsuites>