<?xml version="1.0" encoding="utf-8"?><testsuites name="pytest tests"><testsuite name="pytest" errors="0" failures="0" skipped="0" tests="18" time="8.464" timestamp="2026-03-28T06:55:27.215197+00:00" hostname="agent-env-51d4e7fb-16d8-44c0-aaea-72a6b1af20ac"><testcase classname="backend.tests.test_new_features_v2.TestForgotPasswordFlow" name="test_request_otp_via_sms" time="0.137" /><testcase classname="backend.tests.test_new_features_v2.TestForgotPasswordFlow" name="test_request_otp_via_email" time="0.104" /><testcase classname="backend.tests.test_new_features_v2.TestForgotPasswordFlow" name="test_request_otp_nonexistent_user" time="0.098" /><testcase classname="backend.tests.test_new_features_v2.TestForgotPasswordFlow" name="test_verify_otp_valid" time="0.204" /><testcase classname="backend.tests.test_new_features_v2.TestForgotPasswordFlow" name="test_verify_otp_invalid" time="0.093" /><testcase classname="backend.tests.test_new_features_v2.TestForgotPasswordFlow" name="test_reset_password_full_flow" time="0.869" /><testcase classname="backend.tests.test_new_features_v2.TestForgotPasswordFlow" name="test_reset_password_short_password" time="0.224" /><testcase classname="backend.tests.test_new_features_v2.TestAppSettingsSeasonalTheme" name="test_get_app_customization_settings" time="0.111" /><testcase classname="backend.tests.test_new_features_v2.TestAppSettingsSeasonalTheme" name="test_update_app_customization_admin" time="0.539" /><testcase classname="backend.tests.test_new_features_v2.TestToLetTaskPhotoVerification" name="test_create_tolet_task_admin" time="0.449" /><testcase classname="backend.tests.test_new_features_v2.TestToLetTaskPhotoVerification" name="test_get_available_tolet_tasks_rider" time="0.432" /><testcase classname="backend.tests.test_new_features_v2.TestToLetTaskPhotoVerification" name="test_complete_task_requires_proof_images" time="1.248" /><testcase classname="backend.tests.test_new_features_v2.TestToLetTaskPhotoVerification" name="test_admin_get_pending_verification_tasks" time="0.428" /><testcase classname="backend.tests.test_new_features_v2.TestToLetTaskPhotoVerification" name="test_admin_verify_task_approve" time="1.188" /><testcase classname="backend.tests.test_new_features_v2.TestToLetTaskPhotoVerification" name="test_admin_verify_task_reject" time="1.179" /><testcase classname="backend.tests.test_new_features_v2.TestLoginWithCredentials" name="test_customer_login" time="0.330" /><testcase classname="backend.tests.test_new_features_v2.TestLoginWithCredentials" name="test_rider_login" time="0.326" /><testcase classname="backend.tests.test_new_features_v2.TestLoginWithCredentials" name="test_admin_login" time="0.331" /></testsuite></testsuites>