<?xml version="1.0" encoding="utf-8"?><testsuites name="pytest tests"><testsuite name="pytest" errors="0" failures="0" skipped="0" tests="25" time="2.987" timestamp="2026-03-27T20:24:15.330515+00:00" hostname="agent-env-51d4e7fb-16d8-44c0-aaea-72a6b1af20ac"><testcase classname="tests.test_new_features.TestAuthentication" name="test_customer_login_success" time="0.392" /><testcase classname="tests.test_new_features.TestAuthentication" name="test_admin_login_success" time="0.308" /><testcase classname="tests.test_new_features.TestAuthentication" name="test_rider_login_success" time="0.284" /><testcase classname="tests.test_new_features.TestAuthentication" name="test_login_invalid_credentials" time="0.056" /><testcase classname="tests.test_new_features.TestPackersMoversModule" name="test_get_packages_no_auth" time="0.063" /><testcase classname="tests.test_new_features.TestPackersMoversModule" name="test_packages_structure" time="0.063" /><testcase classname="tests.test_new_features.TestPackersMoversModule" name="test_get_specific_package" time="0.055" /><testcase classname="tests.test_new_features.TestPackersMoversModule" name="test_get_invalid_package" time="0.055" /><testcase classname="tests.test_new_features.TestPackersMoversModule" name="test_book_shifting_requires_auth" time="0.058" /><testcase classname="tests.test_new_features.TestPackersMoversModule" name="test_book_shifting_success" time="0.364" /><testcase classname="tests.test_new_features.TestPackersMoversModule" name="test_get_my_bookings" time="0.073" /><testcase classname="tests.test_new_features.TestAdvertisingModule" name="test_get_ad_packages_no_auth" time="0.074" /><testcase classname="tests.test_new_features.TestAdvertisingModule" name="test_ad_packages_structure" time="0.057" /><testcase classname="tests.test_new_features.TestAdvertisingModule" name="test_get_specific_ad_package" time="0.055" /><testcase classname="tests.test_new_features.TestAdvertisingModule" name="test_create_advertiser_profile" time="0.066" /><testcase classname="tests.test_new_features.TestAdvertisingModule" name="test_create_advertisement" time="0.064" /><testcase classname="tests.test_new_features.TestAdvertisingModule" name="test_get_my_advertisements" time="0.055" /><testcase classname="tests.test_new_features.TestAdvertisingModule" name="test_get_active_ads_public" time="0.048" /><testcase classname="tests.test_new_features.TestPropertiesAndCustomerHome" name="test_get_properties" time="0.072" /><testcase classname="tests.test_new_features.TestPropertiesAndCustomerHome" name="test_properties_have_hot_badge_fields" time="0.059" /><testcase classname="tests.test_new_features.TestPropertiesAndCustomerHome" name="test_filter_properties_by_city" time="0.051" /><testcase classname="tests.test_new_features.TestPropertiesAndCustomerHome" name="test_filter_properties_by_bhk" time="0.053" /><testcase classname="tests.test_new_features.TestAdminPackersEndpoints" name="test_admin_get_all_bookings" time="0.352" /><testcase classname="tests.test_new_features.TestAdminAdvertisingEndpoints" name="test_admin_get_all_ads" time="0.050" /><testcase classname="tests.test_new_features.TestAdminAdvertisingEndpoints" name="test_admin_get_all_profiles" time="0.060" /></testsuite></testsuites>