<?xml version="1.0" encoding="utf-8"?><testsuites name="pytest tests"><testsuite name="pytest" errors="0" failures="0" skipped="0" tests="12" time="9.833" timestamp="2026-04-02T09:12:25.268019+00:00" hostname="agent-env-51d4e7fb-16d8-44c0-aaea-72a6b1af20ac"><testcase classname="backend.tests.test_p0_bug_fixes.TestP0Issue1_RiderSeesManualVisits" name="test_admin_login" time="0.426" /><testcase classname="backend.tests.test_p0_bug_fixes.TestP0Issue1_RiderSeesManualVisits" name="test_rider_login" time="0.322" /><testcase classname="backend.tests.test_p0_bug_fixes.TestP0Issue1_RiderSeesManualVisits" name="test_admin_create_manual_visit" time="0.773" /><testcase classname="backend.tests.test_p0_bug_fixes.TestP0Issue1_RiderSeesManualVisits" name="test_rider_sees_available_visits" time="0.530" /><testcase classname="backend.tests.test_p0_bug_fixes.TestP0Issue1_RiderSeesManualVisits" name="test_rider_sees_manual_visits_with_pending_status" time="1.328" /><testcase classname="backend.tests.test_p0_bug_fixes.TestP0Issue2_AcceptManualVisit" name="test_rider_can_accept_manual_visit" time="1.272" /><testcase classname="backend.tests.test_p0_bug_fixes.TestP0Issue2_AcceptManualVisit" name="test_accept_visit_handles_user_id_field" time="1.315" /><testcase classname="backend.tests.test_p0_bug_fixes.TestP0Issue3_PaymentToBookingFlow" name="test_customer_wallet_shows_visit_credits" time="0.413" /><testcase classname="backend.tests.test_p0_bug_fixes.TestP0Issue3_PaymentToBookingFlow" name="test_book_visit_uses_credits" time="0.804" /><testcase classname="backend.tests.test_p0_bug_fixes.TestP0Issue3_PaymentToBookingFlow" name="test_book_visit_requires_credits" time="1.220" /><testcase classname="backend.tests.test_p0_bug_fixes.TestVisitSchemaConsistency" name="test_manual_visit_has_required_fields" time="1.258" /><testcase classname="backend.tests.test_p0_bug_fixes.TestHealthCheck" name="test_api_health" time="0.098" /></testsuite></testsuites>