<?xml version="1.0" encoding="utf-8"?><testsuites name="pytest tests"><testsuite name="pytest" errors="0" failures="0" skipped="2" tests="14" time="9.932" timestamp="2026-04-02T13:11:51.861827+00:00" hostname="agent-env-51d4e7fb-16d8-44c0-aaea-72a6b1af20ac"><testcase classname="backend.tests.test_p0_rider_visit_flow.TestHealthCheck" name="test_api_health" time="0.226" /><testcase classname="backend.tests.test_p0_rider_visit_flow.TestCustomerLogin" name="test_customer_login" time="0.331" /><testcase classname="backend.tests.test_p0_rider_visit_flow.TestRiderLogin" name="test_rider_login" time="0.340" /><testcase classname="backend.tests.test_p0_rider_visit_flow.TestAdminLogin" name="test_admin_login" time="0.328" /><testcase classname="backend.tests.test_p0_rider_visit_flow.TestCustomerTrackingAPI" name="test_customer_can_get_bookings" time="0.774" /><testcase classname="backend.tests.test_p0_rider_visit_flow.TestCustomerTrackingAPI" name="test_customer_bookings_include_rider_info" time="0.775" /><testcase classname="backend.tests.test_p0_rider_visit_flow.TestCustomerTrackingAPI" name="test_track_visit_api_exists" time="0.880" /><testcase classname="backend.tests.test_p0_rider_visit_flow.TestRiderVisitFlow" name="test_rider_can_go_online" time="0.814" /><testcase classname="backend.tests.test_p0_rider_visit_flow.TestRiderVisitFlow" name="test_rider_can_update_location" time="0.787" /><testcase classname="backend.tests.test_p0_rider_visit_flow.TestRiderVisitFlow" name="test_rider_can_see_available_visits" time="0.922" /><testcase classname="backend.tests.test_p0_rider_visit_flow.TestRiderVisitFlow" name="test_rider_can_get_active_visit" time="0.762" /><testcase classname="backend.tests.test_p0_rider_visit_flow.TestComplianceCheckFix" name="test_compliance_check_endpoint_no_500_error" time="0.770"><skipped type="pytest.skip" message="No active visit for rider to test compliance check">/app/backend/tests/test_p0_rider_visit_flow.py:305: No active visit for rider to test compliance check</skipped></testcase><testcase classname="backend.tests.test_p0_rider_visit_flow.TestUpdateStepEndpoint" name="test_update_step_actions_valid" time="0.470"><skipped type="pytest.skip" message="No active visit for rider to test update-step">/app/backend/tests/test_p0_rider_visit_flow.py:372: No active visit for rider to test update-step</skipped></testcase><testcase classname="backend.tests.test_p0_rider_visit_flow.TestEndToEndVisitFlow" name="test_create_and_complete_visit_flow" time="1.682" /></testsuite></testsuites>