<?xml version="1.0" encoding="utf-8"?><testsuites name="pytest tests"><testsuite name="pytest" errors="0" failures="0" skipped="0" tests="13" time="6.142" timestamp="2026-04-01T19:30:19.196933+00:00" hostname="agent-env-51d4e7fb-16d8-44c0-aaea-72a6b1af20ac"><testcase classname="backend.tests.test_profile_features.TestCustomerProfile" name="test_get_customer_wallet" time="0.540" /><testcase classname="backend.tests.test_profile_features.TestCustomerProfile" name="test_get_customer_payments" time="0.444" /><testcase classname="backend.tests.test_profile_features.TestCustomerProfile" name="test_update_customer_profile" time="0.430" /><testcase classname="backend.tests.test_profile_features.TestCustomerProfile" name="test_update_profile_with_location" time="0.397" /><testcase classname="backend.tests.test_profile_features.TestRiderProfile" name="test_get_rider_profile" time="0.723" /><testcase classname="backend.tests.test_profile_features.TestRiderProfile" name="test_update_rider_profile" time="0.392" /><testcase classname="backend.tests.test_profile_features.TestRiderProfile" name="test_add_bank_account" time="0.425" /><testcase classname="backend.tests.test_profile_features.TestRiderProfile" name="test_get_bank_account" time="0.388" /><testcase classname="backend.tests.test_profile_features.TestRiderProfile" name="test_rider_profile_access_denied_for_customer" time="0.813" /><testcase classname="backend.tests.test_profile_features.TestVisitModification" name="test_get_my_bookings" time="0.406" /><testcase classname="backend.tests.test_profile_features.TestVisitModification" name="test_modify_visit_invalid_id" time="0.530" /><testcase classname="backend.tests.test_profile_features.TestNotifications" name="test_get_notifications" time="0.452" /><testcase classname="backend.tests.test_profile_features.TestHealthCheck" name="test_api_health" time="0.129" /></testsuite></testsuites>