<?xml version="1.0" encoding="utf-8"?><testsuites name="pytest tests"><testsuite name="pytest" errors="0" failures="0" skipped="0" tests="51" time="28.643" timestamp="2026-03-27T19:20:17.735726+00:00" hostname="agent-env-51d4e7fb-16d8-44c0-aaea-72a6b1af20ac"><testcase classname="backend.tests.test_admin_features.TestPropertyAnalytics" name="test_get_property_analytics" time="0.556" /><testcase classname="backend.tests.test_admin_features.TestPropertyAnalytics" name="test_analytics_properties_have_required_fields" time="0.483" /><testcase classname="backend.tests.test_admin_features.TestPropertyAnalytics" name="test_customer_cannot_access_analytics" time="1.512" /><testcase classname="backend.tests.test_admin_features.TestDailyStatusVerification" name="test_get_properties_needing_verification" time="0.470" /><testcase classname="backend.tests.test_admin_features.TestDailyStatusVerification" name="test_verify_property_status_available" time="0.646" /><testcase classname="backend.tests.test_admin_features.TestDailyStatusVerification" name="test_verify_property_status_rented" time="0.750" /><testcase classname="backend.tests.test_admin_features.TestDailyStatusVerification" name="test_verify_property_status_under_verification" time="0.855" /><testcase classname="backend.tests.test_admin_features.TestHotPropertySystem" name="test_mark_property_as_hot" time="0.601" /><testcase classname="backend.tests.test_admin_features.TestHotPropertySystem" name="test_unmark_property_as_hot" time="0.624" /><testcase classname="backend.tests.test_admin_features.TestHotPropertySystem" name="test_auto_mark_hot_properties" time="0.504" /><testcase classname="backend.tests.test_admin_features.TestHotPropertySystem" name="test_get_property_popularity_public" time="0.542" /><testcase classname="backend.tests.test_admin_features.TestToLetTasks" name="test_create_tolet_task" time="0.469" /><testcase classname="backend.tests.test_admin_features.TestToLetTasks" name="test_get_all_tolet_tasks" time="0.461" /><testcase classname="backend.tests.test_admin_features.TestToLetTasks" name="test_update_tolet_task_rate" time="1.596" /><testcase classname="backend.tests.test_admin_features.TestToLetTasks" name="test_assign_tolet_task_to_rider" time="1.079" /><testcase classname="backend.tests.test_admin_features.TestToLetTasks" name="test_rider_get_available_tolet_tasks" time="0.455" /><testcase classname="backend.tests.test_admin_features.TestVisitApprovals" name="test_get_all_visits_admin" time="0.479" /><testcase classname="backend.tests.test_admin_features.TestVisitApprovals" name="test_get_visits_pending_approval" time="0.456" /><testcase classname="backend.tests.test_admin_features.TestVisitApprovals" name="test_customer_cannot_access_visit_approvals" time="0.450" /><testcase classname="backend.tests.test_admin_features.TestPayouts" name="test_get_all_rider_wallets" time="0.448" /><testcase classname="backend.tests.test_admin_features.TestPayouts" name="test_rider_get_own_wallet" time="0.438" /><testcase classname="backend.tests.test_admin_features.TestPayouts" name="test_rider_get_transactions" time="0.465" /><testcase classname="backend.tests.test_admin_features.TestPayouts" name="test_process_payouts_admin_only" time="0.473" /><testcase classname="backend.tests.test_admin_features.TestPayouts" name="test_customer_cannot_process_payouts" time="0.455" /><testcase classname="backend.tests.test_admin_features.TestLiveTracking" name="test_get_online_riders" time="0.457" /><testcase classname="backend.tests.test_admin_features.TestLiveTracking" name="test_get_live_rider_locations" time="0.436" /><testcase classname="backend.tests.test_admin_features.TestLiveTracking" name="test_rider_update_location" time="0.542" /><testcase classname="backend.tests.test_admin_features.TestNotifications" name="test_get_notifications" time="0.443" /><testcase classname="backend.tests.test_admin_features.TestNotifications" name="test_mark_notifications_read" time="0.420" /><testcase classname="backend.tests.test_admin_features.TestNotifications" name="test_rider_gets_notifications" time="0.445" /><testcase classname="backend.tests.test_admin_features.TestCleanup" name="test_cleanup_test_tolet_tasks" time="0.439" /><testcase classname="backend.tests.test_apnaghr_api.TestAuth" name="test_customer_login_success" time="0.366" /><testcase classname="backend.tests.test_apnaghr_api.TestAuth" name="test_rider_login_success" time="0.328" /><testcase classname="backend.tests.test_apnaghr_api.TestAuth" name="test_admin_login_success" time="0.344" /><testcase classname="backend.tests.test_apnaghr_api.TestAuth" name="test_login_invalid_credentials" time="0.102" /><testcase classname="backend.tests.test_apnaghr_api.TestRiderShiftSystem" name="test_get_rider_shift_status" time="0.465" /><testcase classname="backend.tests.test_apnaghr_api.TestRiderShiftSystem" name="test_toggle_rider_online" time="0.458" /><testcase classname="backend.tests.test_apnaghr_api.TestRiderShiftSystem" name="test_toggle_rider_offline" time="0.471" /><testcase classname="backend.tests.test_apnaghr_api.TestRiderShiftSystem" name="test_customer_cannot_access_rider_shift" time="0.453" /><testcase classname="backend.tests.test_apnaghr_api.TestProperties" name="test_get_properties_list" time="0.452" /><testcase classname="backend.tests.test_apnaghr_api.TestProperties" name="test_get_single_property" time="0.584" /><testcase classname="backend.tests.test_apnaghr_api.TestVisitBooking" name="test_get_customer_bookings" time="0.459" /><testcase classname="backend.tests.test_apnaghr_api.TestVisitBooking" name="test_get_available_visits_for_rider" time="0.594" /><testcase classname="backend.tests.test_apnaghr_api.TestVisitBooking" name="test_get_rider_active_visit" time="0.953" /><testcase classname="backend.tests.test_apnaghr_api.TestVisitStepNavigation" name="test_visit_booking_has_multi_property_fields" time="0.438" /><testcase classname="backend.tests.test_apnaghr_api.TestVisitStepNavigation" name="test_visit_details_endpoint" time="0.632" /><testcase classname="backend.tests.test_apnaghr_api.TestVisitStepUpdates" name="test_update_step_requires_rider_role" time="0.490" /><testcase classname="backend.tests.test_apnaghr_api.TestVisitStepUpdates" name="test_rider_can_update_assigned_visit_step" time="0.673" /><testcase classname="backend.tests.test_apnaghr_api.TestAdminEndpoints" name="test_get_online_riders" time="0.940" /><testcase classname="backend.tests.test_apnaghr_api.TestAdminEndpoints" name="test_customer_cannot_access_admin_endpoints" time="0.443" /><testcase classname="backend.tests.test_apnaghr_api.TestChatEndpoints" name="test_get_conversations" time="0.455" /></testsuite></testsuites>