<?xml version="1.0" encoding="utf-8"?><testsuites name="pytest tests"><testsuite name="pytest" errors="0" failures="0" skipped="0" tests="20" time="10.988" timestamp="2026-03-27T18:23:43.363896+00:00" hostname="agent-env-51d4e7fb-16d8-44c0-aaea-72a6b1af20ac"><testcase classname="backend.tests.test_apnaghr_api.TestAuth" name="test_customer_login_success" time="0.587" /><testcase classname="backend.tests.test_apnaghr_api.TestAuth" name="test_rider_login_success" time="0.437" /><testcase classname="backend.tests.test_apnaghr_api.TestAuth" name="test_admin_login_success" time="0.503" /><testcase classname="backend.tests.test_apnaghr_api.TestAuth" name="test_login_invalid_credentials" time="0.130" /><testcase classname="backend.tests.test_apnaghr_api.TestRiderShiftSystem" name="test_get_rider_shift_status" time="0.592" /><testcase classname="backend.tests.test_apnaghr_api.TestRiderShiftSystem" name="test_toggle_rider_online" time="0.558" /><testcase classname="backend.tests.test_apnaghr_api.TestRiderShiftSystem" name="test_toggle_rider_offline" time="0.586" /><testcase classname="backend.tests.test_apnaghr_api.TestRiderShiftSystem" name="test_customer_cannot_access_rider_shift" time="0.571" /><testcase classname="backend.tests.test_apnaghr_api.TestProperties" name="test_get_properties_list" time="0.540" /><testcase classname="backend.tests.test_apnaghr_api.TestProperties" name="test_get_single_property" time="0.591" /><testcase classname="backend.tests.test_apnaghr_api.TestVisitBooking" name="test_get_customer_bookings" time="0.575" /><testcase classname="backend.tests.test_apnaghr_api.TestVisitBooking" name="test_get_available_visits_for_rider" time="0.620" /><testcase classname="backend.tests.test_apnaghr_api.TestVisitBooking" name="test_get_rider_active_visit" time="0.448" /><testcase classname="backend.tests.test_apnaghr_api.TestVisitStepNavigation" name="test_visit_booking_has_multi_property_fields" time="0.446" /><testcase classname="backend.tests.test_apnaghr_api.TestVisitStepNavigation" name="test_visit_details_endpoint" time="0.712" /><testcase classname="backend.tests.test_apnaghr_api.TestVisitStepUpdates" name="test_update_step_requires_rider_role" time="0.547" /><testcase classname="backend.tests.test_apnaghr_api.TestVisitStepUpdates" name="test_rider_can_update_assigned_visit_step" time="0.661" /><testcase classname="backend.tests.test_apnaghr_api.TestAdminEndpoints" name="test_get_online_riders" time="0.462" /><testcase classname="backend.tests.test_apnaghr_api.TestAdminEndpoints" name="test_customer_cannot_access_admin_endpoints" time="0.534" /><testcase classname="backend.tests.test_apnaghr_api.TestChatEndpoints" name="test_get_conversations" time="0.625" /></testsuite></testsuites>