<?xml version="1.0" encoding="utf-8"?><testsuites name="pytest tests"><testsuite name="pytest" errors="0" failures="0" skipped="0" tests="21" time="10.055" timestamp="2026-03-27T22:37:26.617363+00:00" hostname="agent-env-51d4e7fb-16d8-44c0-aaea-72a6b1af20ac"><testcase classname="backend.tests.test_registration_and_settings.TestUserRegistration" name="test_register_customer" time="0.663" /><testcase classname="backend.tests.test_registration_and_settings.TestUserRegistration" name="test_register_rider" time="0.602" /><testcase classname="backend.tests.test_registration_and_settings.TestUserRegistration" name="test_register_advertiser" time="0.600" /><testcase classname="backend.tests.test_registration_and_settings.TestUserRegistration" name="test_register_builder" time="0.594" /><testcase classname="backend.tests.test_registration_and_settings.TestUserRegistration" name="test_duplicate_phone_registration_fails" time="0.371" /><testcase classname="backend.tests.test_registration_and_settings.TestUserRegistration" name="test_login_with_wrong_password_fails" time="0.624" /><testcase classname="backend.tests.test_registration_and_settings.TestExistingCredentials" name="test_login_customer" time="0.317" /><testcase classname="backend.tests.test_registration_and_settings.TestExistingCredentials" name="test_login_rider" time="0.341" /><testcase classname="backend.tests.test_registration_and_settings.TestExistingCredentials" name="test_login_advertiser" time="0.350" /><testcase classname="backend.tests.test_registration_and_settings.TestExistingCredentials" name="test_login_builder" time="0.325" /><testcase classname="backend.tests.test_registration_and_settings.TestExistingCredentials" name="test_login_admin" time="0.347" /><testcase classname="backend.tests.test_registration_and_settings.TestAppCustomizationSettings" name="test_get_app_customization_settings" time="0.457" /><testcase classname="backend.tests.test_registration_and_settings.TestAppCustomizationSettings" name="test_save_holi_theme_settings" time="0.425" /><testcase classname="backend.tests.test_registration_and_settings.TestAppCustomizationSettings" name="test_save_diwali_theme_settings" time="0.391" /><testcase classname="backend.tests.test_registration_and_settings.TestAppCustomizationSettings" name="test_disable_seasonal_theme" time="0.380" /><testcase classname="backend.tests.test_registration_and_settings.TestAppCustomizationSettings" name="test_non_admin_cannot_save_settings" time="0.753" /><testcase classname="backend.tests.test_registration_and_settings.TestAIAdGeneratorEndpoints" name="test_advertising_packages_endpoint" time="0.417" /><testcase classname="backend.tests.test_registration_and_settings.TestAIAdGeneratorEndpoints" name="test_get_generated_ads_endpoint" time="0.379" /><testcase classname="backend.tests.test_registration_and_settings.TestAIAdGeneratorEndpoints" name="test_generate_ad_endpoint_exists" time="0.867" /><testcase classname="backend.tests.test_registration_and_settings.TestAIAdGeneratorEndpoints" name="test_advertiser_profile_endpoint" time="0.376" /><testcase classname="backend.tests.test_registration_and_settings.TestRestoreHoliTheme" name="test_restore_holi_theme" time="0.381" /></testsuite></testsuites>