<?xml version="1.0" encoding="utf-8"?><testsuites name="pytest tests"><testsuite name="pytest" errors="0" failures="2" skipped="0" tests="18" time="6.113" timestamp="2026-04-03T08:59:43.446532+00:00" hostname="agent-env-51d4e7fb-16d8-44c0-aaea-72a6b1af20ac"><testcase classname="backend.tests.test_rider_onboarding.TestRiderOnboardingPublicEndpoints" name="test_health_check" time="0.238" /><testcase classname="backend.tests.test_rider_onboarding.TestRiderOnboardingPublicEndpoints" name="test_check_application_nonexistent_mobile" time="0.104" /><testcase classname="backend.tests.test_rider_onboarding.TestRiderOnboardingPublicEndpoints" name="test_submit_rider_application_missing_fields" time="0.135" /><testcase classname="backend.tests.test_rider_onboarding.TestRiderOnboardingPublicEndpoints" name="test_submit_rider_application_missing_legal_agreements" time="0.097" /><testcase classname="backend.tests.test_rider_onboarding.TestRiderOnboardingPublicEndpoints" name="test_submit_rider_application_success" time="0.159" /><testcase classname="backend.tests.test_rider_onboarding.TestRiderOnboardingPublicEndpoints" name="test_check_application_existing_mobile" time="0.211" /><testcase classname="backend.tests.test_rider_onboarding.TestRiderOnboardingPublicEndpoints" name="test_duplicate_application_rejected" time="0.214" /><testcase classname="backend.tests.test_rider_onboarding.TestRiderOnboardingAdminEndpoints" name="test_get_rider_applications_list" time="0.420" /><testcase classname="backend.tests.test_rider_onboarding.TestRiderOnboardingAdminEndpoints" name="test_get_rider_applications_with_status_filter" time="0.453" /><testcase classname="backend.tests.test_rider_onboarding.TestRiderOnboardingAdminEndpoints" name="test_get_rider_applications_with_city_filter" time="0.438" /><testcase classname="backend.tests.test_rider_onboarding.TestRiderOnboardingAdminEndpoints" name="test_get_rider_application_stats" time="0.426"><failure message="assert 404 == 200&#10; +  where 404 = &lt;Response [404]&gt;.status_code">backend/tests/test_rider_onboarding.py:239: in test_get_rider_application_stats
    assert response.status_code == 200
E   assert 404 == 200
E    +  where 404 = &lt;Response [404]&gt;.status_code</failure></testcase><testcase classname="backend.tests.test_rider_onboarding.TestRiderOnboardingAdminEndpoints" name="test_get_single_application" time="0.528" /><testcase classname="backend.tests.test_rider_onboarding.TestRiderOnboardingAdminEndpoints" name="test_review_application_approve" time="0.751" /><testcase classname="backend.tests.test_rider_onboarding.TestRiderOnboardingAdminEndpoints" name="test_review_application_reject" time="0.538" /><testcase classname="backend.tests.test_rider_onboarding.TestRiderOnboardingAdminEndpoints" name="test_ban_rider" time="0.533" /><testcase classname="backend.tests.test_rider_onboarding.TestRiderOnboardingAdminEndpoints" name="test_unauthorized_access" time="0.557" /><testcase classname="backend.tests.test_rider_onboarding.TestRiderOnboardingValidation" name="test_invalid_mobile_format" time="0.116" /><testcase classname="backend.tests.test_rider_onboarding.TestRiderOnboardingValidation" name="test_empty_required_fields" time="0.102"><failure message="assert 200 in [400, 422]&#10; +  where 200 = &lt;Response [200]&gt;.status_code">backend/tests/test_rider_onboarding.py:430: in test_empty_required_fields
    assert response.status_code in [400, 422]
E   assert 200 in [400, 422]
E    +  where 200 = &lt;Response [200]&gt;.status_code</failure></testcase></testsuite></testsuites>