<?xml version="1.0" encoding="utf-8"?><testsuites name="pytest tests"><testsuite name="pytest" errors="0" failures="0" skipped="0" tests="22" time="8.511" timestamp="2026-04-06T19:06:25.905829+00:00" hostname="agent-env-51d4e7fb-16d8-44c0-aaea-72a6b1af20ac"><testcase classname="tests.test_seller_performance.TestAuthSetup" name="test_admin_login" time="0.446" /><testcase classname="tests.test_seller_performance.TestAuthSetup" name="test_seller_login" time="0.340" /><testcase classname="tests.test_seller_performance.TestSellerDailyStatus" name="test_check_daily_status" time="0.486" /><testcase classname="tests.test_seller_performance.TestSellerDailyStatus" name="test_check_daily_status_unauthorized" time="0.119" /><testcase classname="tests.test_seller_performance.TestSellerDailyStart" name="test_daily_start_submission" time="0.860" /><testcase classname="tests.test_seller_performance.TestSellerDailyStart" name="test_daily_start_validation" time="0.131" /><testcase classname="tests.test_seller_performance.TestSellerDailyEnd" name="test_daily_end_submission" time="0.479" /><testcase classname="tests.test_seller_performance.TestSellerPerformance" name="test_my_performance" time="0.509" /><testcase classname="tests.test_seller_performance.TestSellerPerformance" name="test_activity_history" time="0.139" /><testcase classname="tests.test_seller_performance.TestAdminTracking" name="test_admin_sellers_tracking" time="0.462" /><testcase classname="tests.test_seller_performance.TestAdminTracking" name="test_admin_sellers_tracking_unauthorized" time="0.125" /><testcase classname="tests.test_seller_performance.TestAdminLeaderboard" name="test_daily_leaderboard" time="0.538" /><testcase classname="tests.test_seller_performance.TestAdminLeaderboard" name="test_monthly_leaderboard" time="0.134" /><testcase classname="tests.test_seller_performance.TestAdminEarnings" name="test_admin_earnings" time="0.478" /><testcase classname="tests.test_seller_performance.TestAdminMotivationQuotes" name="test_get_motivation_quotes" time="0.521" /><testcase classname="tests.test_seller_performance.TestAdminMotivationQuotes" name="test_add_motivation_quote" time="0.113" /><testcase classname="tests.test_seller_performance.TestAdminMotivationQuotes" name="test_delete_motivation_quote" time="0.297" /><testcase classname="tests.test_seller_performance.TestAdminMarkPaid" name="test_mark_as_paid" time="0.678" /><testcase classname="tests.test_seller_performance.TestSellerDetailAdmin" name="test_seller_detail" time="0.638" /><testcase classname="tests.test_seller_performance.TestRoleBasedAccess" name="test_seller_cannot_access_admin_tracking" time="0.551" /><testcase classname="tests.test_seller_performance.TestRoleBasedAccess" name="test_seller_cannot_access_admin_leaderboard" time="0.123" /><testcase classname="tests.test_seller_performance.TestRoleBasedAccess" name="test_seller_cannot_access_admin_earnings" time="0.287" /></testsuite></testsuites>