<?xml version="1.0" encoding="utf-8"?><testsuites name="pytest tests"><testsuite name="pytest" errors="0" failures="0" skipped="0" tests="16" time="6.949" timestamp="2026-04-07T03:54:16.604002+00:00" hostname="agent-env-51d4e7fb-16d8-44c0-aaea-72a6b1af20ac"><testcase classname="backend.tests.test_seller_verification.TestAdminLogin" name="test_admin_login_success" time="0.341" /><testcase classname="backend.tests.test_seller_verification.TestAdminLogin" name="test_admin_access_key_verification" time="0.503" /><testcase classname="backend.tests.test_seller_verification.TestSellerLogin" name="test_seller_login_success" time="0.328" /><testcase classname="backend.tests.test_seller_verification.TestSellerVerificationAPIs" name="test_check_share_lock_status" time="0.442" /><testcase classname="backend.tests.test_seller_verification.TestSellerVerificationAPIs" name="test_get_pending_verifications" time="0.419" /><testcase classname="backend.tests.test_seller_verification.TestSellerVerificationAPIs" name="test_verify_client_requires_referral_id" time="0.419" /><testcase classname="backend.tests.test_seller_verification.TestSellerVerificationAPIs" name="test_verify_client_requires_valid_status" time="0.439" /><testcase classname="backend.tests.test_seller_verification.TestSellerVerificationAPIs" name="test_verify_client_in_progress_requires_notes" time="0.436" /><testcase classname="backend.tests.test_seller_verification.TestAdminLockedSellersAPIs" name="test_get_locked_sellers_admin_only" time="0.407" /><testcase classname="backend.tests.test_seller_verification.TestAdminLockedSellersAPIs" name="test_get_locked_sellers_success" time="0.425" /><testcase classname="backend.tests.test_seller_verification.TestAdminLockedSellersAPIs" name="test_unlock_seller_admin_only" time="0.462" /><testcase classname="backend.tests.test_seller_verification.TestAdminLockedSellersAPIs" name="test_unlock_seller_not_found" time="0.439" /><testcase classname="backend.tests.test_seller_verification.TestSellerVerificationStats" name="test_get_seller_verification_stats" time="0.433" /><testcase classname="backend.tests.test_seller_verification.TestSellerVerificationHistory" name="test_get_verification_history" time="0.418" /><testcase classname="backend.tests.test_seller_verification.TestTrackReferral" name="test_track_referral_validation" time="0.432" /><testcase classname="backend.tests.test_seller_verification.TestTrackReferral" name="test_track_referral_success" time="0.529" /></testsuite></testsuites>