<?xml version="1.0" encoding="utf-8"?><testsuites name="pytest tests"><testsuite name="pytest" errors="0" failures="0" skipped="0" tests="25" time="3.311" timestamp="2026-04-02T19:45:42.175979+00:00" hostname="agent-env-51d4e7fb-16d8-44c0-aaea-72a6b1af20ac"><testcase classname="backend.tests.test_seo_module.TestHealthCheck" name="test_api_health" time="0.253" /><testcase classname="backend.tests.test_seo_module.TestSEOPropertiesAPI" name="test_seo_properties_endpoint_exists" time="0.109" /><testcase classname="backend.tests.test_seo_module.TestSEOPropertiesAPI" name="test_seo_properties_returns_list" time="0.123" /><testcase classname="backend.tests.test_seo_module.TestSEOPropertiesAPI" name="test_seo_properties_filter_by_city" time="0.144" /><testcase classname="backend.tests.test_seo_module.TestSEOPropertiesAPI" name="test_seo_properties_filter_by_listing_type" time="0.105" /><testcase classname="backend.tests.test_seo_module.TestSEOPropertiesAPI" name="test_seo_properties_filter_by_bedrooms" time="0.142" /><testcase classname="backend.tests.test_seo_module.TestSEOPropertiesAPI" name="test_seo_properties_filter_by_price_range" time="0.116" /><testcase classname="backend.tests.test_seo_module.TestSEOPropertiesAPI" name="test_seo_properties_combined_filters" time="0.133" /><testcase classname="backend.tests.test_seo_module.TestSEOPropertiesAPI" name="test_seo_properties_excludes_sensitive_data" time="0.127" /><testcase classname="backend.tests.test_seo_module.TestSitemapXMLAPI" name="test_sitemap_xml_endpoint_exists" time="0.123" /><testcase classname="backend.tests.test_seo_module.TestSitemapXMLAPI" name="test_sitemap_xml_returns_valid_xml" time="0.145" /><testcase classname="backend.tests.test_seo_module.TestSitemapXMLAPI" name="test_sitemap_xml_contains_required_urls" time="0.123" /><testcase classname="backend.tests.test_seo_module.TestSitemapXMLAPI" name="test_sitemap_xml_contains_city_pages" time="0.106" /><testcase classname="backend.tests.test_seo_module.TestSitemapXMLAPI" name="test_sitemap_xml_contains_property_type_pages" time="0.167" /><testcase classname="backend.tests.test_seo_module.TestSitemapXMLAPI" name="test_sitemap_xml_contains_blog_pages" time="0.127" /><testcase classname="backend.tests.test_seo_module.TestSitemapXMLAPI" name="test_sitemap_xml_has_proper_url_structure" time="0.129" /><testcase classname="backend.tests.test_seo_module.TestSitemapDataAPI" name="test_sitemap_data_endpoint_exists" time="0.117" /><testcase classname="backend.tests.test_seo_module.TestSitemapDataAPI" name="test_sitemap_data_returns_cities" time="0.146" /><testcase classname="backend.tests.test_seo_module.TestSitemapDataAPI" name="test_sitemap_data_returns_property_types" time="0.116" /><testcase classname="backend.tests.test_seo_module.TestSitemapDataAPI" name="test_sitemap_data_returns_total_count" time="0.116" /><testcase classname="backend.tests.test_seo_module.TestSEOPagesNoAuth" name="test_seo_properties_no_auth_required" time="0.124" /><testcase classname="backend.tests.test_seo_module.TestSEOPagesNoAuth" name="test_sitemap_xml_no_auth_required" time="0.117" /><testcase classname="backend.tests.test_seo_module.TestSEOPagesNoAuth" name="test_sitemap_data_no_auth_required" time="0.106" /><testcase classname="backend.tests.test_seo_module.TestSEOPropertiesDataIntegrity" name="test_properties_have_required_fields" time="0.110" /><testcase classname="backend.tests.test_seo_module.TestSEOPropertiesDataIntegrity" name="test_properties_have_pricing_info" time="0.105" /></testsuite></testsuites>